2018-04-26 15:05:48,706 INFO o.a.j.u.JMeterUtils: Setting Locale to zh_CN
2018-04-26 15:05:48,736 INFO o.a.j.JMeter: Loading system properties from: system.properties
2018-04-26 15:05:48,743 INFO o.a.j.JMeter: Copyright (c) 1998-2017 The Apache Software Foundation
2018-04-26 15:05:48,743 INFO o.a.j.JMeter: Version 3.2 r1790748
2018-04-26 15:05:48,743 INFO o.a.j.JMeter: java.version=1.8.0_162
2018-04-26 15:05:48,744 INFO o.a.j.JMeter: java.vm.name=Java HotSpot(TM) 64-Bit Server VM
2018-04-26 15:05:48,745 INFO o.a.j.JMeter: os.name=Windows 7
2018-04-26 15:05:48,745 INFO o.a.j.JMeter: os.arch=amd64
2018-04-26 15:05:48,746 INFO o.a.j.JMeter: os.version=6.1
2018-04-26 15:05:48,746 INFO o.a.j.JMeter: file.encoding=GBK
2018-04-26 15:05:48,746 INFO o.a.j.JMeter: Max memory     =514850816
2018-04-26 15:05:48,747 INFO o.a.j.JMeter: Available Processors =4
2018-04-26 15:05:48,757 INFO o.a.j.JMeter: Default Locale=中文 (中国)
2018-04-26 15:05:48,757 INFO o.a.j.JMeter: JMeter  Locale=中文 (中国)
2018-04-26 15:05:48,757 INFO o.a.j.JMeter: JMeterHome=E:\Project\Essatest1.1\target\jmeter
2018-04-26 15:05:48,757 INFO o.a.j.JMeter: user.dir  =E:\Project\Essatest1.1\target\jmeter\bin
2018-04-26 15:05:48,758 INFO o.a.j.JMeter: PWD       =E:\Project\Essatest1.1\target\jmeter\bin
2018-04-26 15:05:48,760 INFO o.a.j.JMeter: IP: 192.168.1.222 Name: WIN-QVU1M2TV7Q4 FullName: WIN-QVU1M2TV7Q4
2018-04-26 15:05:48,764 INFO o.a.j.s.FileServer: Default base='E:\Project\Essatest1.1\target\jmeter\bin'
2018-04-26 15:05:48,764 INFO o.a.j.s.FileServer: Set new base='E:\Project\Essatest1.1\target\jmeter\testFiles'
2018-04-26 15:05:48,943 INFO o.a.j.s.SaveService: Testplan (JMX) version: 2.2. Testlog (JTL) version: 2.2
2018-04-26 15:05:48,961 INFO o.a.j.s.SaveService: Using SaveService properties file encoding UTF-8
2018-04-26 15:05:48,971 INFO o.a.j.s.SaveService: Using SaveService properties version 4.0
2018-04-26 15:05:48,984 WARN o.a.j.s.SaveService: Bad _version - expected 3.2, found 4.0.
2018-04-26 15:05:48,984 INFO o.a.j.s.SaveService: Loading file: E:\Project\Essatest1.1\target\jmeter\testFiles\login.jmx
2018-04-26 15:05:49,073 INFO o.a.j.p.h.s.HTTPSamplerBase: Parser for text/html is org.apache.jmeter.protocol.http.parser.LagartoBasedHtmlParser
2018-04-26 15:05:49,073 INFO o.a.j.p.h.s.HTTPSamplerBase: Parser for application/xhtml+xml is org.apache.jmeter.protocol.http.parser.LagartoBasedHtmlParser
2018-04-26 15:05:49,074 INFO o.a.j.p.h.s.HTTPSamplerBase: Parser for application/xml is org.apache.jmeter.protocol.http.parser.LagartoBasedHtmlParser
2018-04-26 15:05:49,074 INFO o.a.j.p.h.s.HTTPSamplerBase: Parser for text/xml is org.apache.jmeter.protocol.http.parser.LagartoBasedHtmlParser
2018-04-26 15:05:49,074 INFO o.a.j.p.h.s.HTTPSamplerBase: Parser for text/vnd.wap.wml is org.apache.jmeter.protocol.http.parser.RegexpHTMLParser
2018-04-26 15:05:49,074 INFO o.a.j.p.h.s.HTTPSamplerBase: Parser for text/css is org.apache.jmeter.protocol.http.parser.CssParser
2018-04-26 15:05:49,219 INFO o.a.j.JMeter: Creating summariser <summary>
2018-04-26 15:05:49,225 INFO o.a.j.e.StandardJMeterEngine: Running the test!
2018-04-26 15:05:49,226 INFO o.a.j.s.SampleEvent: List of sample_variables: []
2018-04-26 15:05:49,226 INFO o.a.j.s.SampleEvent: List of sample_variables: []
2018-04-26 15:05:49,232 INFO o.a.j.e.u.CompoundVariable: Note: Function class names must contain the string: '.functions.'
2018-04-26 15:05:49,232 INFO o.a.j.e.u.CompoundVariable: Note: Function class names must not contain the string: '.gui.'
2018-04-26 15:05:50,564 INFO o.a.j.t.TestPlan: added E:\jmeter\apache-jmeter-3.1\lib\mongo-java-driver-2.11.3.jar to classpath
2018-04-26 15:05:50,565 INFO o.a.j.t.TestPlan: added E:\jmeter\apache-jmeter-3.1\lib\mysql-connector-java-5.1.46.jar to classpath
2018-04-26 15:05:50,565 INFO o.a.j.t.TestPlan: added D:\JAVA\jre\lib\ext\mysql-connector-java-5.1.46.jar to classpath
2018-04-26 15:05:51,487 INFO o.a.j.JMeter: 正在运行的测试 (1524726351487)
2018-04-26 15:05:51,655 INFO o.a.j.e.StandardJMeterEngine: Starting ThreadGroup: 1 : 新增SKU
2018-04-26 15:05:51,656 INFO o.a.j.e.StandardJMeterEngine: Starting 1 threads for group 新增SKU.
2018-04-26 15:05:51,657 INFO o.a.j.e.StandardJMeterEngine: Thread will continue on error
2018-04-26 15:05:51,657 INFO o.a.j.t.ThreadGroup: Starting thread group... number=1 threads=1 ramp-up=1 perThread=1000.0 delayedStart=false
2018-04-26 15:05:51,677 INFO o.a.j.t.ThreadGroup: Started thread group number 1
2018-04-26 15:05:51,678 INFO o.a.j.e.StandardJMeterEngine: All thread groups have been started
2018-04-26 15:05:51,684 INFO o.a.j.t.JMeterThread: Thread started: 新增SKU 1-1
2018-04-26 15:05:51,716 INFO o.a.j.p.h.s.HTTPHCAbstractImpl: Local host = WIN-QVU1M2TV7Q4
2018-04-26 15:05:51,726 INFO o.a.j.p.h.s.HTTPHC4Impl: HTTP request retry count = 0
2018-04-26 15:05:51,738 INFO o.a.j.s.SampleResult: Note: Sample TimeStamps are START times
2018-04-26 15:05:51,739 INFO o.a.j.s.SampleResult: sampleresult.default.encoding is set to ISO-8859-1
2018-04-26 15:05:51,739 INFO o.a.j.s.SampleResult: sampleresult.useNanoTime=true
2018-04-26 15:05:51,739 INFO o.a.j.s.SampleResult: sampleresult.nanoThreadSleep=5000
2018-04-26 15:05:53,889 ERROR o.a.j.u.BeanShellInterpreter: Error invoking bsh method: eval	Sourced file: inline evaluation of: ``Object skuID = vars.getObject(“prd_goods_sku_itms”).get(0).get(“id”);  vars.put( . . . '' Token Parsing Error: Lexical error at line 1, column 31.  Encountered: "\u201c" (8220), after : ""
2018-04-26 15:05:53,890 WARN o.a.j.e.BeanShellPostProcessor: Problem in BeanShell script: org.apache.jorphan.util.JMeterException: Error invoking bsh method: eval	Sourced file: inline evaluation of: ``Object skuID = vars.getObject(“prd_goods_sku_itms”).get(0).get(“id”);  vars.put( . . . '' Token Parsing Error: Lexical error at line 1, column 31.  Encountered: "\u201c" (8220), after : ""
2018-04-26 15:05:53,953 INFO o.a.j.t.JMeterThread: Thread is done: 新增SKU 1-1
2018-04-26 15:05:53,953 INFO o.a.j.t.JMeterThread: Thread finished: 新增SKU 1-1
2018-04-26 15:05:53,954 INFO o.a.j.e.StandardJMeterEngine: Notifying test listeners of end of test
2018-04-26 15:05:53,958 INFO o.a.j.r.Summariser: summary =      8 in 00:00:02 =    3.2/s Avg:   265 Min:     7 Max:  1430 Err:     1 (12.50%)
