2018/04/26 10:06:43 INFO  - jmeter.util.JMeterUtils: Setting Locale to zh_CN 
2018/04/26 10:06:43 INFO  - jmeter.JMeter: Loading user properties from: E:\Project\Essatest1.1\target\jmeter\bin\user.properties 
2018/04/26 10:06:43 INFO  - jmeter.JMeter: Loading system properties from: E:\Project\Essatest1.1\target\jmeter\bin\system.properties 
2018/04/26 10:06:43 INFO  - jmeter.JMeter: Copyright (c) 1998-2013 The Apache Software Foundation 
2018/04/26 10:06:43 INFO  - jmeter.JMeter: Version 2.9 r1437961 
2018/04/26 10:06:43 INFO  - jmeter.JMeter: java.version=1.8.0_162 
2018/04/26 10:06:43 INFO  - jmeter.JMeter: java.vm.name=Java HotSpot(TM) 64-Bit Server VM 
2018/04/26 10:06:43 INFO  - jmeter.JMeter: os.name=Windows 7 
2018/04/26 10:06:43 INFO  - jmeter.JMeter: os.arch=amd64 
2018/04/26 10:06:43 INFO  - jmeter.JMeter: os.version=6.1 
2018/04/26 10:06:43 INFO  - jmeter.JMeter: file.encoding=GBK 
2018/04/26 10:06:43 INFO  - jmeter.JMeter: Default Locale=中文 (中国) 
2018/04/26 10:06:43 INFO  - jmeter.JMeter: JMeter  Locale=中文 (中国) 
2018/04/26 10:06:43 INFO  - jmeter.JMeter: JMeterHome=E:\Project\Essatest1.1\target\jmeter 
2018/04/26 10:06:43 INFO  - jmeter.JMeter: user.dir  =E:\Project\Essatest1.1\target\jmeter\bin 
2018/04/26 10:06:43 INFO  - jmeter.JMeter: PWD       =E:\Project\Essatest1.1\target\jmeter\bin 
2018/04/26 10:06:43 INFO  - jmeter.JMeter: IP: 192.168.1.222 Name: WIN-QVU1M2TV7Q4 FullName: WIN-QVU1M2TV7Q4 
2018/04/26 10:06:43 INFO  - jmeter.services.FileServer: Default base='E:\Project\Essatest1.1\target\jmeter\bin' 
2018/04/26 10:06:43 INFO  - jmeter.services.FileServer: Set new base='E:\Project\Essatest1.1\src\test\jmeter' 
2018/04/26 10:06:43 INFO  - jmeter.JMeter: Loading file: E:\Project\Essatest1.1\src\test\jmeter\新增商品流程.jmx 
2018/04/26 10:06:43 INFO  - jmeter.save.SaveService: Testplan (JMX) version: 2.2. Testlog (JTL) version: 2.2 
2018/04/26 10:06:43 INFO  - jmeter.save.SaveService: Using SaveService properties file encoding UTF-8 
2018/04/26 10:06:43 INFO  - jmeter.save.SaveService: Using SaveService properties version 3.2 
2018/04/26 10:06:43 WARN  - jmeter.save.SaveService: Bad _version - expected 2.4, found 3.2. 
2018/04/26 10:06:43 INFO  - jmeter.save.SaveService: All converter versions present and correct 
2018/04/26 10:06:43 INFO  - jmeter.protocol.http.sampler.HTTPSamplerBase: Parser for text/html is org.apache.jmeter.protocol.http.parser.LagartoBasedHtmlParser 
2018/04/26 10:06:43 INFO  - jmeter.protocol.http.sampler.HTTPSamplerBase: Parser for application/xhtml+xml is org.apache.jmeter.protocol.http.parser.LagartoBasedHtmlParser 
2018/04/26 10:06:43 INFO  - jmeter.protocol.http.sampler.HTTPSamplerBase: Parser for application/xml is org.apache.jmeter.protocol.http.parser.LagartoBasedHtmlParser 
2018/04/26 10:06:43 INFO  - jmeter.protocol.http.sampler.HTTPSamplerBase: Parser for text/xml is org.apache.jmeter.protocol.http.parser.LagartoBasedHtmlParser 
2018/04/26 10:06:43 INFO  - jmeter.protocol.http.sampler.HTTPSamplerBase: Parser for text/vnd.wap.wml is org.apache.jmeter.protocol.http.parser.RegexpHTMLParser 
2018/04/26 10:06:43 INFO  - jmeter.protocol.http.sampler.HTTPSamplerBase: Parser for text/css is org.apache.jmeter.protocol.http.parser.CssParser 
2018/04/26 10:06:43 INFO  - jmeter.protocol.http.sampler.HTTPSamplerBase: Reuse SSL session context on subsequent iterations: true 
2018/04/26 10:06:43 ERROR - jmeter.save.SaveService: Conversion error com.thoughtworks.xstream.converters.ConversionException: No field 'sentBytes' found in class 'org.apache.jmeter.samplers.SampleSaveConfiguration' : No field 'sentBytes' found in class 'org.apache.jmeter.samplers.SampleSaveConfiguration'
---- Debugging information ----
message             : No field 'sentBytes' found in class 'org.apache.jmeter.samplers.SampleSaveConfiguration'
cause-exception     : com.thoughtworks.xstream.converters.reflection.MissingFieldException
cause-message       : No field 'sentBytes' found in class 'org.apache.jmeter.samplers.SampleSaveConfiguration'
class               : org.apache.jmeter.samplers.SampleSaveConfiguration
required-type       : org.apache.jmeter.samplers.SampleSaveConfiguration
converter-type      : org.apache.jmeter.save.converters.SampleSaveConfigurationConverter
path                : /jmeterTestPlan/hashTree/hashTree/hashTree[2]/ResultCollector/objProp/value/sentBytes
line number         : 1398
class[1]            : org.apache.jmeter.testelement.property.ObjectProperty
converter-type[1]   : com.thoughtworks.xstream.converters.reflection.ReflectionConverter
class[2]            : org.apache.jmeter.reporters.ResultCollector
converter-type[2]   : org.apache.jmeter.save.converters.TestElementConverter
class[3]            : org.apache.jorphan.collections.ListedHashTree
converter-type[3]   : org.apache.jmeter.save.converters.HashTreeConverter
------------------------------- : No field 'sentBytes' found in class 'org.apache.jmeter.samplers.SampleSaveConfiguration' : No field 'sentBytes' found in class 'org.apache.jmeter.samplers.SampleSaveConfiguration'
---- Debugging information ----
message             : No field 'sentBytes' found in class 'org.apache.jmeter.samplers.SampleSaveConfiguration'
cause-exception     : com.thoughtworks.xstream.converters.reflection.MissingFieldException
cause-message       : No field 'sentBytes' found in class 'org.apache.jmeter.samplers.SampleSaveConfiguration'
class               : org.apache.jmeter.samplers.SampleSaveConfiguration
required-type       : org.apache.jmeter.samplers.SampleSaveConfiguration
converter-type      : org.apache.jmeter.save.converters.SampleSaveConfigurationConverter
path                : /jmeterTestPlan/hashTree/hashTree/hashTree[2]/ResultCollector/objProp/value/sentBytes
line number         : 1398
class[1]            : org.apache.jmeter.testelement.property.ObjectProperty
converter-type[1]   : com.thoughtworks.xstream.converters.reflection.ReflectionConverter
class[2]            : org.apache.jmeter.reporters.ResultCollector
converter-type[2]   : org.apache.jmeter.save.converters.TestElementConverter
class[3]            : org.apache.jorphan.collections.ListedHashTree
converter-type[3]   : org.apache.jmeter.save.converters.HashTreeConverter
-------------------------------
message             : No field 'sentBytes' found in class 'org.apache.jmeter.samplers.SampleSaveConfiguration' : No field 'sentBytes' found in class 'org.apache.jmeter.samplers.SampleSaveConfiguration'
---- Debugging information ----
message             : No field 'sentBytes' found in class 'org.apache.jmeter.samplers.SampleSaveConfiguration'
cause-exception     : com.thoughtworks.xstream.converters.reflection.MissingFieldException
cause-message       : No field 'sentBytes' found in class 'org.apache.jmeter.samplers.SampleSaveConfiguration'
class               : org.apache.jmeter.samplers.SampleSaveConfiguration
required-type       : org.apache.jmeter.samplers.SampleSaveConfiguration
converter-type      : org.apache.jmeter.save.converters.SampleSaveConfigurationConverter
path                : /jmeterTestPlan/hashTree/hashTree/hashTree[2]/ResultCollector/objProp/value/sentBytes
line number         : 1398
class[1]            : org.apache.jmeter.testelement.property.ObjectProperty
converter-type[1]   : com.thoughtworks.xstream.converters.reflection.ReflectionConverter
class[2]            : org.apache.jmeter.reporters.ResultCollector
converter-type[2]   : org.apache.jmeter.save.converters.TestElementConverter
class[3]            : org.apache.jorphan.collections.ListedHashTree
converter-type[3]   : org.apache.jmeter.save.converters.HashTreeConverter
-------------------------------
cause-exception     : com.thoughtworks.xstream.converters.ConversionException
cause-message       : No field 'sentBytes' found in class 'org.apache.jmeter.samplers.SampleSaveConfiguration' : No field 'sentBytes' found in class 'org.apache.jmeter.samplers.SampleSaveConfiguration'
first-jmeter-class  : org.apache.jmeter.save.converters.TestElementConverter.unmarshal(TestElementConverter.java:107)
class               : org.apache.jmeter.save.ScriptWrapper
required-type       : org.apache.jmeter.samplers.SampleSaveConfiguration
converter-type      : org.apache.jmeter.save.ScriptWrapperConverter
path                : /jmeterTestPlan/hashTree/hashTree/hashTree[2]/ResultCollector/objProp/value/sentBytes
line number         : 1398
version             : 2.9 r1437961
------------------------------- 
2018/04/26 10:06:43 ERROR - jmeter.JMeter: Error in NonGUIDriver java.lang.NullPointerException
	at org.apache.jmeter.gui.tree.JMeterTreeModel.addSubTree(JMeterTreeModel.java:93)
	at org.apache.jmeter.JMeter.runNonGui(JMeter.java:746)
	at org.apache.jmeter.JMeter.startNonGui(JMeter.java:724)
	at org.apache.jmeter.JMeter.start(JMeter.java:388)
	at sun.reflect.NativeMethodAccessorImpl.invoke0(Native Method)
	at sun.reflect.NativeMethodAccessorImpl.invoke(NativeMethodAccessorImpl.java:62)
	at sun.reflect.DelegatingMethodAccessorImpl.invoke(DelegatingMethodAccessorImpl.java:43)
	at java.lang.reflect.Method.invoke(Method.java:498)
	at org.apache.jmeter.NewDriver.main(NewDriver.java:218)
	at com.lazerycode.jmeter.testrunner.TestManager.executeSingleTest(TestManager.java:92)
	at com.lazerycode.jmeter.testrunner.TestManager.executeTests(TestManager.java:60)
	at com.lazerycode.jmeter.JMeterMojo.execute(JMeterMojo.java:50)
	at org.apache.maven.plugin.DefaultBuildPluginManager.executeMojo(DefaultBuildPluginManager.java:134)
	at org.apache.maven.lifecycle.internal.MojoExecutor.execute(MojoExecutor.java:208)
	at org.apache.maven.lifecycle.internal.MojoExecutor.execute(MojoExecutor.java:154)
	at org.apache.maven.lifecycle.internal.MojoExecutor.execute(MojoExecutor.java:146)
	at org.apache.maven.lifecycle.internal.LifecycleModuleBuilder.buildProject(LifecycleModuleBuilder.java:117)
	at org.apache.maven.lifecycle.internal.LifecycleModuleBuilder.buildProject(LifecycleModuleBuilder.java:81)
	at org.apache.maven.lifecycle.internal.builder.singlethreaded.SingleThreadedBuilder.build(SingleThreadedBuilder.java:51)
	at org.apache.maven.lifecycle.internal.LifecycleStarter.execute(LifecycleStarter.java:128)
	at org.apache.maven.DefaultMaven.doExecute(DefaultMaven.java:309)
	at org.apache.maven.DefaultMaven.doExecute(DefaultMaven.java:194)
	at org.apache.maven.DefaultMaven.execute(DefaultMaven.java:107)
	at org.apache.maven.cli.MavenCli.execute(MavenCli.java:955)
	at org.apache.maven.cli.MavenCli.doMain(MavenCli.java:290)
	at org.apache.maven.cli.MavenCli.main(MavenCli.java:194)
	at sun.reflect.NativeMethodAccessorImpl.invoke0(Native Method)
	at sun.reflect.NativeMethodAccessorImpl.invoke(NativeMethodAccessorImpl.java:62)
	at sun.reflect.DelegatingMethodAccessorImpl.invoke(DelegatingMethodAccessorImpl.java:43)
	at java.lang.reflect.Method.invoke(Method.java:498)
	at org.codehaus.plexus.classworlds.launcher.Launcher.launchEnhanced(Launcher.java:289)
	at org.codehaus.plexus.classworlds.launcher.Launcher.launch(Launcher.java:229)
	at org.codehaus.plexus.classworlds.launcher.Launcher.mainWithExitCode(Launcher.java:415)
	at org.codehaus.plexus.classworlds.launcher.Launcher.main(Launcher.java:356)

